Using pre-set license
Built from '2020.2/staging' branch; Version is '2020.2.7f1 (c53830e277f1) revision 12924976'; Using compiler version '192528614'; Build Type 'Release'
OS: 'Windows 10 Pro; OS build 19042.985; Version 2009; 64bit' Language: 'tr' Physical Memory: 16330 MB
BatchMode: 1, IsHumanControllingUs: 0, StartBugReporterOnCrash: 0, Is64bit: 1, IsPro: 0

 COMMAND LINE ARGUMENTS:
C:\Program Files\Unity\Hub\Editor\2020.2.7f1\Editor\Unity.exe
-adb2
-batchMode
-noUpm
-name
AssetImportWorker1
-projectPath
C:/Users/berat/Desktop/2DShooting
-logFile
Logs/AssetImportWorker1.log
-srvPort
55938
Successfully changed project path to: C:/Users/berat/Desktop/2DShooting
C:/Users/berat/Desktop/2DShooting
Using Asset Import Pipeline V2.
Refreshing native plugins compatible for Editor in 68.52 ms, found 1 plugins.
Preloading 0 native plugins for Editor in 0.00 ms.
Initialize engine version: 2020.2.7f1 (c53830e277f1)
[Subsystems] Discovering subsystems at path C:/Program Files/Unity/Hub/Editor/2020.2.7f1/Editor/Data/Resources/UnitySubsystems
[Subsystems] Discovering subsystems at path C:/Users/berat/Desktop/2DShooting/Assets
GfxDevice: creating device client; threaded=0
Direct3D:
    Version:  Direct3D 11.0 [level 11.1]
    Renderer: NVIDIA GeForce GTX 1060 6GB (ID=0x1c03)
    Vendor:   
    VRAM:     6052 MB
    Driver:   27.21.14.5751
Initialize mono
Mono path[0] = 'C:/Program Files/Unity/Hub/Editor/2020.2.7f1/Editor/Data/Managed'
Mono path[1] = 'C:/Program Files/Unity/Hub/Editor/2020.2.7f1/Editor/Data/MonoBleedingEdge/lib/mono/unityjit'
Mono config path = 'C:/Program Files/Unity/Hub/Editor/2020.2.7f1/Editor/Data/MonoBleedingEdge/etc'
Using monoOptions --debugger-agent=transport=dt_socket,embedding=1,server=y,suspend=n,address=127.0.0.1:56288
Begin MonoManager ReloadAssembly
Registering precompiled unity dll's ...
Register platform support module: C:/Program Files/Unity/Hub/Editor/2020.2.7f1/Editor/Data/PlaybackEngines/WindowsStandaloneSupport/UnityEditor.WindowsStandalone.Extensions.dll
Registered in 0.002573 seconds.
Native extension for WindowsStandalone target not found
Refreshing native plugins compatible for Editor in 64.50 ms, found 1 plugins.
Preloading 0 native plugins for Editor in 0.00 ms.
Invoked RoslynAnalysisRunner static constructor.
RoslynAnalysisRunner will not be running.
RoslynAnalysisRunner has terminated.
Mono: successfully reloaded assembly
- Completed reload, in  2.782 seconds
Platform modules already initialized, skipping
Registering precompiled user dll's ...
Registered in 0.001967 seconds.
Begin MonoManager ReloadAssembly
Native extension for WindowsStandalone target not found
Refreshing native plugins compatible for Editor in 58.96 ms, found 1 plugins.
Preloading 0 native plugins for Editor in 0.00 ms.
Invoked RoslynAnalysisRunner static constructor.
RoslynAnalysisRunner will not be running.
RoslynAnalysisRunner has terminated.
Mono: successfully reloaded assembly
- Completed reload, in  1.345 seconds
Platform modules already initialized, skipping
========================================================================
Worker process is ready to serve import requests
Launched and connected shader compiler UnityShaderCompiler.exe after 0.23 seconds
Refreshing native plugins compatible for Editor in 0.49 ms, found 1 plugins.
Preloading 0 native plugins for Editor in 0.00 ms.
Unloading 1992 Unused Serialized files (Serialized files now loaded: 0)
System memory in use before: 93.2 MB.
System memory in use after: 93.2 MB.

Unloading 25 unused Assets to reduce memory usage. Loaded Objects now: 2436.
Total: 3.341800 ms (FindLiveObjects: 0.886600 ms CreateObjectMapping: 0.238400 ms MarkObjects: 2.051800 ms  DeleteObjects: 0.162900 ms)

========================================================================
Received Import Request.
  path: Assets/Scenes/SampleScene.unity
  artifactKey: Guid(2cda990e2423bbf4892e6590ba056729) Importer(815301076,1909f56bfc062723c751e8b465ee728b)
Start importing Assets/Scenes/SampleScene.unity using Guid(2cda990e2423bbf4892e6590ba056729) Importer(815301076,1909f56bfc062723c751e8b465ee728b)  -> (artifact id: 'af1df36e227667f452e6fa1773050b72') in 0.030028 seconds
  Import took 0.062682 seconds .

========================================================================
Received Prepare
Refreshing native plugins compatible for Editor in 4.56 ms, found 1 plugins.
Preloading 0 native plugins for Editor in 0.00 ms.
Unloading 11 Unused Serialized files (Serialized files now loaded: 0)
System memory in use before: 52.9 MB.
System memory in use after: 52.9 MB.

Unloading 11 unused Assets to reduce memory usage. Loaded Objects now: 2436.
Total: 9.234900 ms (FindLiveObjects: 0.226000 ms CreateObjectMapping: 0.601200 ms MarkObjects: 8.095500 ms  DeleteObjects: 0.310500 ms)

========================================================================
Received Prepare
Registering precompiled user dll's ...
Registered in 0.001919 seconds.
Begin MonoManager ReloadAssembly
Native extension for WindowsStandalone target not found
Refreshing native plugins compatible for Editor in 0.55 ms, found 1 plugins.
Preloading 0 native plugins for Editor in 0.00 ms.
Invoked RoslynAnalysisRunner static constructor.
RoslynAnalysisRunner will not be running.
RoslynAnalysisRunner has terminated.
Mono: successfully reloaded assembly
- Completed reload, in  1.610 seconds
Platform modules already initialized, skipping
Refreshing native plugins compatible for Editor in 0.50 ms, found 1 plugins.
Preloading 0 native plugins for Editor in 0.00 ms.
Unloading 1970 Unused Serialized files (Serialized files now loaded: 0)
System memory in use before: 91.8 MB.
System memory in use after: 91.8 MB.

Unloading 13 unused Assets to reduce memory usage. Loaded Objects now: 2440.
Total: 2.479500 ms (FindLiveObjects: 0.247900 ms CreateObjectMapping: 0.125200 ms MarkObjects: 1.954100 ms  DeleteObjects: 0.150300 ms)

========================================================================
Received Prepare
Registering precompiled user dll's ...
Registered in 0.002249 seconds.
Begin MonoManager ReloadAssembly
Native extension for WindowsStandalone target not found
Refreshing native plugins compatible for Editor in 0.73 ms, found 1 plugins.
Preloading 0 native plugins for Editor in 0.00 ms.
Invoked RoslynAnalysisRunner static constructor.
RoslynAnalysisRunner will not be running.
RoslynAnalysisRunner has terminated.
Mono: successfully reloaded assembly
- Completed reload, in  1.569 seconds
Platform modules already initialized, skipping
Refreshing native plugins compatible for Editor in 0.55 ms, found 1 plugins.
Preloading 0 native plugins for Editor in 0.00 ms.
Unloading 1970 Unused Serialized files (Serialized files now loaded: 0)
System memory in use before: 91.9 MB.
System memory in use after: 91.9 MB.

Unloading 13 unused Assets to reduce memory usage. Loaded Objects now: 2444.
Total: 4.967700 ms (FindLiveObjects: 0.295400 ms CreateObjectMapping: 0.126700 ms MarkObjects: 4.409200 ms  DeleteObjects: 0.134600 ms)

========================================================================
Received Prepare
Registering precompiled user dll's ...
Registered in 0.004550 seconds.
Begin MonoManager ReloadAssembly
Native extension for WindowsStandalone target not found
Refreshing native plugins compatible for Editor in 0.54 ms, found 1 plugins.
Preloading 0 native plugins for Editor in 0.00 ms.
Invoked RoslynAnalysisRunner static constructor.
RoslynAnalysisRunner will not be running.
RoslynAnalysisRunner has terminated.
Mono: successfully reloaded assembly
- Completed reload, in  1.824 seconds
Platform modules already initialized, skipping
Refreshing native plugins compatible for Editor in 0.56 ms, found 1 plugins.
Preloading 0 native plugins for Editor in 0.00 ms.
Unloading 1970 Unused Serialized files (Serialized files now loaded: 0)
System memory in use before: 91.9 MB.
System memory in use after: 91.9 MB.

Unloading 13 unused Assets to reduce memory usage. Loaded Objects now: 2448.
Total: 2.291900 ms (FindLiveObjects: 0.225100 ms CreateObjectMapping: 0.125100 ms MarkObjects: 1.814200 ms  DeleteObjects: 0.125900 ms)

========================================================================
Received Prepare
Registering precompiled user dll's ...
Registered in 0.002847 seconds.
Begin MonoManager ReloadAssembly
Native extension for WindowsStandalone target not found
Refreshing native plugins compatible for Editor in 0.50 ms, found 1 plugins.
Preloading 0 native plugins for Editor in 0.00 ms.
Invoked RoslynAnalysisRunner static constructor.
RoslynAnalysisRunner will not be running.
RoslynAnalysisRunner has terminated.
Mono: successfully reloaded assembly
- Completed reload, in  1.233 seconds
Platform modules already initialized, skipping
Refreshing native plugins compatible for Editor in 0.79 ms, found 1 plugins.
Preloading 0 native plugins for Editor in 0.00 ms.
Unloading 1970 Unused Serialized files (Serialized files now loaded: 0)
System memory in use before: 91.9 MB.
System memory in use after: 91.9 MB.

Unloading 13 unused Assets to reduce memory usage. Loaded Objects now: 2452.
Total: 3.541100 ms (FindLiveObjects: 0.373200 ms CreateObjectMapping: 0.251400 ms MarkObjects: 2.722800 ms  DeleteObjects: 0.192100 ms)

========================================================================
Received Prepare
Registering precompiled user dll's ...
Registered in 0.052180 seconds.
Begin MonoManager ReloadAssembly
Native extension for WindowsStandalone target not found
Refreshing native plugins compatible for Editor in 0.50 ms, found 1 plugins.
Preloading 0 native plugins for Editor in 0.00 ms.
Invoked RoslynAnalysisRunner static constructor.
RoslynAnalysisRunner will not be running.
RoslynAnalysisRunner has terminated.
Mono: successfully reloaded assembly
- Completed reload, in  1.194 seconds
Platform modules already initialized, skipping
Refreshing native plugins compatible for Editor in 0.67 ms, found 1 plugins.
Preloading 0 native plugins for Editor in 0.00 ms.
Unloading 1970 Unused Serialized files (Serialized files now loaded: 0)
System memory in use before: 91.9 MB.
System memory in use after: 91.9 MB.

Unloading 13 unused Assets to reduce memory usage. Loaded Objects now: 2456.
Total: 2.469500 ms (FindLiveObjects: 0.234100 ms CreateObjectMapping: 0.122600 ms MarkObjects: 1.971700 ms  DeleteObjects: 0.139400 ms)

========================================================================
Received Prepare
Registering precompiled user dll's ...
Registered in 0.002899 seconds.
Begin MonoManager ReloadAssembly
Native extension for WindowsStandalone target not found
Refreshing native plugins compatible for Editor in 1.82 ms, found 1 plugins.
Preloading 0 native plugins for Editor in 0.00 ms.
Invoked RoslynAnalysisRunner static constructor.
RoslynAnalysisRunner will not be running.
RoslynAnalysisRunner has terminated.
Mono: successfully reloaded assembly
- Completed reload, in  4.304 seconds
Platform modules already initialized, skipping
Refreshing native plugins compatible for Editor in 1.26 ms, found 1 plugins.
Preloading 0 native plugins for Editor in 0.00 ms.
Unloading 1970 Unused Serialized files (Serialized files now loaded: 0)
System memory in use before: 91.9 MB.
System memory in use after: 91.9 MB.

Unloading 13 unused Assets to reduce memory usage. Loaded Objects now: 2460.
Total: 11.551600 ms (FindLiveObjects: 2.064300 ms CreateObjectMapping: 0.882300 ms MarkObjects: 8.356200 ms  DeleteObjects: 0.246800 ms)

AssetImportWorkerClient::OnTransportError - code=2 error=End of file
